<?xml version="1.0" encoding="UTF-8"?>
<!-- Generated by org.testng.reporters.JUnitReportReporter -->
<testsuite skipped="0" hostname="idea-PC" name="SampleTest.SampleFunction" tests="1" failures="0" timestamp="25 Jun 2019 16:06:45 GMT" time="0.013" errors="0">
  <testcase name="StringFunc" time="0.013" classname="SampleTest.SampleFunction"/>
</testsuite> <!-- SampleTest.SampleFunction -->
